<?xml version="1.0" encoding="UTF-8" ?>
<testsuite tests="12" failures="0" name="runners.TestRunner" time="0.017" errors="0" skipped="0">
  <properties>
    <property name="java.runtime.name" value="Java(TM) SE Runtime Environment"/>
    <property name="java.vm.version" value="10.0.1+10"/>
    <property name="sun.boot.library.path" value="/Library/Java/JavaVirtualMachines/jdk-10.0.1.jdk/Contents/Home/lib"/>
    <property name="gopherProxySet" value="false"/>
    <property name="maven.multiModuleProjectDirectory" value="/Users/alapan/Desktop/Eclipse-workspace/FeedbackAutomate"/>
    <property name="java.vm.vendor" value="&quot;Oracle Corporation&quot;"/>
    <property name="java.vendor.url" value="http://java.oracle.com/"/>
    <property name="guice.disable.misplaced.annotation.check" value="true"/>
    <property name="path.separator" value=":"/>
    <property name="java.vm.name" value="Java HotSpot(TM) 64-Bit Server VM"/>
    <property name="file.encoding.pkg" value="sun.io"/>
    <property name="sun.os.patch.level" value="unknown"/>
    <property name="user.country" value="IN"/>
    <property name="sun.java.launcher" value="SUN_STANDARD"/>
    <property name="java.vm.specification.name" value="Java Virtual Machine Specification"/>
    <property name="user.dir" value="/Users/alapan/Desktop/Eclipse-workspace/FeedbackAutomate"/>
    <property name="java.vm.compressedOopsMode" value="Zero based"/>
    <property name="java.runtime.version" value="10.0.1+10"/>
    <property name="java.awt.graphicsenv" value="sun.awt.CGraphicsEnvironment"/>
    <property name="os.arch" value="x86_64"/>
    <property name="java.io.tmpdir" value="/var/folders/tf/_fw21yf52b79rrgqxr0lmc680000gn/T/"/>
    <property name="line.separator" value="
"/>
    <property name="java.vm.specification.vendor" value="Oracle Corporation"/>
    <property name="os.name" value="Mac OS X"/>
    <property name="classworlds.conf" value="/Users/alapan/apache-maven-3.6.2/bin/m2.conf"/>
    <property name="sun.jnu.encoding" value="UTF-8"/>
    <property name="java.library.path" value="/Users/alapan/Library/Java/Extensions:/Library/Java/Extensions:/Network/Library/Java/Extensions:/System/Library/Java/Extensions:/usr/lib/java:."/>
    <property name="maven.conf" value="/Users/alapan/apache-maven-3.6.2/conf"/>
    <property name="jdk.debug" value="release"/>
    <property name="java.class.version" value="54.0"/>
    <property name="java.specification.name" value="Java Platform API Specification"/>
    <property name="sun.management.compiler" value="HotSpot 64-Bit Tiered Compilers"/>
    <property name="os.version" value="10.13.6"/>
    <property name="library.jansi.path" value="/Users/alapan/apache-maven-3.6.2/lib/jansi-native"/>
    <property name="http.nonProxyHosts" value="local|*.local|169.254/16|*.169.254/16"/>
    <property name="user.home" value="/Users/alapan"/>
    <property name="user.timezone" value="Europe/Berlin"/>
    <property name="java.awt.printerjob" value="sun.lwawt.macosx.CPrinterJob"/>
    <property name="file.encoding" value="UTF-8"/>
    <property name="java.specification.version" value="10"/>
    <property name="user.name" value="alapan"/>
    <property name="java.class.path" value="/Users/alapan/apache-maven-3.6.2/boot/plexus-classworlds-2.6.0.jar"/>
    <property name="java.vm.specification.version" value="10"/>
    <property name="sun.arch.data.model" value="64"/>
    <property name="sun.java.command" value="org.codehaus.plexus.classworlds.launcher.Launcher clean test"/>
    <property name="java.home" value="/Library/Java/JavaVirtualMachines/jdk-10.0.1.jdk/Contents/Home"/>
    <property name="user.language" value="en"/>
    <property name="java.specification.vendor" value="Oracle Corporation"/>
    <property name="awt.toolkit" value="sun.lwawt.macosx.LWCToolkit"/>
    <property name="java.vm.info" value="mixed mode"/>
    <property name="java.version" value="10.0.1"/>
    <property name="java.vendor" value="Oracle Corporation"/>
    <property name="maven.home" value="/Users/alapan/apache-maven-3.6.2"/>
    <property name="file.separator" value="/"/>
    <property name="java.version.date" value="2018-04-17"/>
    <property name="java.vendor.url.bug" value="http://bugreport.java.com/bugreport/"/>
    <property name="sun.io.unicode.encoding" value="UnicodeBig"/>
    <property name="sun.cpu.endian" value="little"/>
    <property name="java.vendor.version" value="18.3"/>
    <property name="socksNonProxyHosts" value="local|*.local|169.254/16|*.169.254/16"/>
    <property name="ftp.nonProxyHosts" value="local|*.local|169.254/16|*.169.254/16"/>
    <property name="sun.cpu.isalist" value=""/>
  </properties>
  <testcase classname="Scenario: Successful Generic Feedback Submission" name="Given User is on Usabilla Feedback Choice Page" time="0.013"/>
  <testcase classname="Scenario: Successful Generic Feedback Submission" name="When User Navigates to Generic Feedback Page" time="0"/>
  <testcase classname="Scenario: Successful Generic Feedback Submission" name="And User enters All the Compliment Details Successfully on Generic Feedback Page" time="0"/>
  <testcase classname="Scenario: Successful Generic Feedback Submission" name="And User clicks on the Compliment Submit Button" time="0"/>
  <testcase classname="Scenario: Successful Generic Feedback Submission" name="Then Compliment Submission Message displayed Thanks for leaving feedback" time="0"/>
  <testcase classname="Scenario: Successful Generic Feedback Submission" name="Scenario: Successful Generic Feedback Submission" time="0.003"/>
  <testcase classname="Scenario: Successful Specific Feedback Submission" name="Given User is on Usabilla Feedback Choice Page" time="0"/>
  <testcase classname="Scenario: Successful Specific Feedback Submission" name="When User Navigates to Specific Feedback Page" time="0"/>
  <testcase classname="Scenario: Successful Specific Feedback Submission" name="And User enters All the Bug Details Successfully on Specific Feedback Page" time="0"/>
  <testcase classname="Scenario: Successful Specific Feedback Submission" name="And User clicks on the Bug Submit Button" time="0"/>
  <testcase classname="Scenario: Successful Specific Feedback Submission" name="Then Bug Submission Message displayed Thanks for leaving feedback" time="0"/>
  <testcase classname="Scenario: Successful Specific Feedback Submission" name="Scenario: Successful Specific Feedback Submission" time="0.001"/>
</testsuite>